1775088036188:login 1 2
1775103415965:login 1 1
1775103425608:current-user
1775103548308:login 1 1
1775104014297:current-user
1775104020105:login 1 1
1775104022922:current-user
1775104154795:login 1 1
1775104159838:logout
1775104174927:current-user
1775104177070:logout
1775106461431:login 1 1
1775106463950:cities
1775106468176:city
1775106590178:sector 동두천시
1775106657204:bill-total 동두천시 가정용 10
1775109175963:login
1775109179268:login 1 1
1775109331287:logout
1775109341575:city
1775109356842:lgout
1775109358706:logout
1775109374812:login 1 1
1775109381020:city
1775109404785:sector 동두천시
1775109924176:login 1 1
1775109935645:logout
1775109979010:login 1 1
1775109988097:current-user
1775109991279:city
1775109996388:sector 동두천시
1775110007170:price 동두천시 가정용
1775110078190:login 1 1
1775110081224:city
1775110087541:secotr 사천시
1775110093219:sector 사천시
1775110098909:price 사천시 일반용
1775110116400:bill-total 사천시 일반용 20
1775110147879:logout
1775110150309:current-user
1775110548039:login 1 1
1775110551567:logout
1775110555845:login 2 2
1775110561107:city
1775110566974:secotor 청송군
1775110571110:sector 청송군
1775110580116:price 청송군 가정용
1775110593425:bill-total 청송군 가정용 30
